[spike] building model with 1000 rows
Slint: Build config: release; Backend: FemtoVG renderer with OpenGL backend
[spike] scroll y=12660px topRow=197 deepestRow=197 span=63300
average frames per second: 72 details from last frame: [0 layers created]
[spike] scroll y=25320px topRow=395 deepestRow=395 span=63300
average frames per second: 74 details from last frame: [0 layers created]
[spike] scroll y=37980px topRow=593 deepestRow=593 span=63300
average frames per second: 74 details from last frame: [0 layers created]
[spike] scroll y=50640px topRow=791 deepestRow=791 span=63300
average frames per second: 75 details from last frame: [0 layers created]
[spike] scroll y=63300px topRow=989 deepestRow=989 span=63300
average frames per second: 74 details from last frame: [0 layers created]
	Command being timed: "/home/paradise/Documents/projects/geleit/spikes/s0.3-list-render/target/release/s0_3_list_render"
	User time (seconds): 1.84
	System time (seconds): 0.10
	Percent of CPU this job got: 32%
	Elapsed (wall clock) time (h:mm:ss or m:ss): 0:06.06
	Average shared text size (kbytes): 0
	Average unshared data size (kbytes): 0
	Average stack size (kbytes): 0
	Average total size (kbytes): 0
	Maximum resident set size (kbytes): 95112
	Average resident set size (kbytes): 0
	Major (requiring I/O) page faults: 0
	Minor (reclaiming a frame) page faults: 8271
	Voluntary context switches: 1194
	Involuntary context switches: 24
	Swaps: 0
	File system inputs: 296
	File system outputs: 8
	Socket messages sent: 0
	Socket messages received: 0
	Signals delivered: 0
	Page size (bytes): 4096
	Exit status: 0
