[spike] building model with 50000 rows
Slint: Build config: release; Backend: software
average frames per second: 64 details from last frame: (dirty: [])
[spike] scroll y=639860px topRow=9997 deepestRow=9997 span=3199300
average frames per second: 57 details from last frame: (dirty: [])
[spike] scroll y=1279720px topRow=19995 deepestRow=19995 span=3199300
average frames per second: 57 details from last frame: (dirty: [])
[spike] scroll y=1919583px topRow=29993 deepestRow=29993 span=3199300
average frames per second: 58 details from last frame: (dirty: [])
[spike] scroll y=2559440px topRow=39991 deepestRow=39991 span=3199300
average frames per second: 58 details from last frame: (dirty: [])
[spike] scroll y=3199295px topRow=49988 deepestRow=49988 span=3199300
	Command being timed: "/home/paradise/Documents/projects/geleit/spikes/s0.3-list-render/target/release/s0_3_list_render"
	User time (seconds): 5.55
	System time (seconds): 0.03
	Percent of CPU this job got: 91%
	Elapsed (wall clock) time (h:mm:ss or m:ss): 0:06.12
	Average shared text size (kbytes): 0
	Average unshared data size (kbytes): 0
	Average stack size (kbytes): 0
	Average total size (kbytes): 0
	Maximum resident set size (kbytes): 38832
	Average resident set size (kbytes): 0
	Major (requiring I/O) page faults: 0
	Minor (reclaiming a frame) page faults: 5957
	Voluntary context switches: 577
	Involuntary context switches: 81
	Swaps: 0
	File system inputs: 0
	File system outputs: 8
	Socket messages sent: 0
	Socket messages received: 0
	Signals delivered: 0
	Page size (bytes): 4096
	Exit status: 0
